[22:36:57.620] [INFO] storybook v10.2.4
[22:36:58.657] [DEBUG] Getting package.json info for /Users/vinjones/stu/package.json...
[22:36:58.659] [WARN] You are currently using Storybook [1m10.2.4[22m but you have packages which are incompatible with it:

- @storybook/addon-essentials@8.6.14 which depends on 8.6.14
 Repo: https://github.com/storybookjs/storybook/tree/next/code/addons/essentials
- @storybook/addon-interactions@8.6.14 which depends on 8.6.14
 Repo: https://github.com/storybookjs/storybook/tree/next/code/addons/interactions
- @storybook/test@8.6.15 which depends on 8.6.15
 Repo: https://github.com/storybookjs/storybook/tree/next/code/lib/test

Please consider updating your packages or contacting the maintainers for compatibility details.

For more details on compatibility guidance, see:
https://github.com/storybookjs/storybook/issues/32836
[22:36:59.449] [DEBUG] Serving static files from [36mpublic[39m at [36m/[39m
[22:36:59.449] [INFO] Starting...
[22:36:59.475] [WARN] unable to find package.json for @mui/icons-material
[22:36:59.655] [DEBUG] Starting preview..
[22:36:59.665] [INFO] Using implicit CSS loaders
[22:36:59.785] [INFO] Using SWC as compiler
[22:36:59.812] [INFO] Using default Webpack5 setup
[22:37:00.061] [DEBUG] Using tsconfig paths for react-docgen
[22:37:06.813] [ERROR] Failed to build the preview
[22:37:06.815] [WARN] Force closed preview build
[22:37:06.816] [ERROR] [38;2;241;97;97mSB_BUILDER-WEBPACK5_0003 (WebpackCompilationError): There were problems when compiling your code with Webpack.
Run Storybook with --debug-webpack for more information.[39m
    at starter (file://./node_modules/.pnpm/@storybook+builder-webpack5@10.2.4_storybook@10.2.4_@testing-library+dom@10.4.1_prettie_e025986ee163aaaf5199b27740a69c58/node_modules/@storybook/builder-webpack5/dist/index.js:799:11)
    at starter.next (<anonymous>)
    at Module.start (file://./node_modules/.pnpm/@storybook+builder-webpack5@10.2.4_storybook@10.2.4_@testing-library+dom@10.4.1_prettie_e025986ee163aaaf5199b27740a69c58/node_modules/@storybook/builder-webpack5/dist/index.js:857:34)
    at process.processTicksAndRejections (node:internal/process/task_queues:103:5)
    at async storybookDevServer (file://./node_modules/.pnpm/storybook@10.2.4_@testing-library+dom@10.4.1_prettier@3.8.1_react-dom@19.2.4_react@19.2.4__react@19.2.4/node_modules/storybook/dist/core-server/index.js:7207:83)
    at async buildOrThrow (file://./node_modules/.pnpm/storybook@10.2.4_@testing-library+dom@10.4.1_prettier@3.8.1_react-dom@19.2.4_react@19.2.4__react@19.2.4/node_modules/storybook/dist/core-server/index.js:4504:12)
    at async buildDevStandalone (file://./node_modules/.pnpm/storybook@10.2.4_@testing-library+dom@10.4.1_prettier@3.8.1_react-dom@19.2.4_react@19.2.4__react@19.2.4/node_modules/storybook/dist/core-server/index.js:7577:66)
    at async withTelemetry (file://./node_modules/.pnpm/storybook@10.2.4_@testing-library+dom@10.4.1_prettier@3.8.1_react-dom@19.2.4_react@19.2.4__react@19.2.4/node_modules/storybook/dist/_node-chunks/chunk-BIHXZHDE.js:218:12)
    at async dev (file://./node_modules/.pnpm/storybook@10.2.4_@testing-library+dom@10.4.1_prettier@3.8.1_react-dom@19.2.4_react@19.2.4__react@19.2.4/node_modules/storybook/dist/bin/core.js:2734:3)
    at async _Command.<anonymous> (file://./node_modules/.pnpm/storybook@10.2.4_@testing-library+dom@10.4.1_prettier@3.8.1_react-dom@19.2.4_react@19.2.4__react@19.2.4/node_modules/storybook/dist/bin/core.js:2801:92)
[22:37:06.817] [WARN] Broken build, fix the error above.
You may need to refresh the browser.